Vivado Simulator 2018.2
Time resolution is 1 ps
 Block Memory Generator module loading initial data...
 Block Memory Generator data initialization complete.
Block Memory Generator module tb_top.soc_lite.inst_ram.inst.native_mem_module.blk_mem_gen_v8_4_1_inst is using a behavioral model for simulation which will not precisely model memory collision behavior.
 Block Memory Generator module loading initial data...
 Block Memory Generator data initialization complete.
Block Memory Generator module tb_top.soc_lite.data_ram.inst.native_mem_module.blk_mem_gen_v8_4_1_inst is using a behavioral model for simulation which will not precisely model memory collision behavior.
==============================================================
Test begin!
dhrystone test begin.


Dhrystone Benchmark, Version 2.1 (Language: C)



Dhrystone Benchmark, Version 2.1 (Language: C)


Program compiled without 'register' attribute


Execution starts, 10 runs through Dhrystone

Execution ends


Final values of the variables used in the benchmark:


Int_Glob:            5

        should be:   5

Bool_Glob:           1

        should be:   1

Ch_1_Glob:           A

        should be:   A

Ch_2_Glob:           B

        should be:   B

Arr_1_Glob[8]:       7

        should be:   7

Arr_2_Glob[8][7]:    20

        should be:   20

Ptr_Glob->

  Ptr_Comp:          -2147471664

        should be:   (implementation-dependent)

  Discr:             0

        should be:   0

  Enum_Comp:         2

        should be:   2

  Int_Comp:          17

        should be:   17

  Str_Comp:          DHRYSTONE PROGRAM, SOME STRING

        should be:   DHRYSTONE PROGRAM, SOME STRING

Next_Ptr_Glob->

  Ptr_Comp:          -2147471664

        should be:   (implementation-dependent), same as above

  Discr:             0

        should be:   0

  Enum_Comp:         1

        should be:   1

  Int_Comp:          18

        should be:   18

  Str_Comp:          DHRYSTONE PROGRAM, SOME STRING

        should be:   DHRYSTONE PROGRAM, SOME STRING

Int_1_Loc:           5

        should be:   5

Int_2_Loc:           13

        should be:   13

Int_3_Loc:           7

        should be:   7

Enum_Loc:            1

        should be:   1

Str_1_Loc:           DHRYSTONE PROGRAM, 1'ST STRING

        should be:   DHRYSTONE PROGRAM, 1'ST STRING

Str_2_Loc:           DHRYSTONE PROGRAM, 2'ND STRING

        should be:   DHRYSTONE PROGRAM, 2'ND STRING


Begin ns: 92330

End ns: 190850

Total ns: 98520

Dhrystones per Second:                      4 


The CPU Freq you set is 50MHz

So DMIPS/MHZ : 0/1000

dhrystone PASS!

==============================================================
Test end!
----PASS!!!
$finish called at time : 1082495 ns : File "E:/share_linux/ucas_CDE_hrystone/mycpu_verify/testbench/mycpu_tb.v" Line 261
